0 info it worked if it ends with ok
1 verbose cli [ '/usr/bin/node',
1 verbose cli   '/usr/lib/node_modules/npm3/node_modules/npm/cli.js',
1 verbose cli   'install',
1 verbose cli   '-g',
1 verbose cli   'eslint',
1 verbose cli   'eslint-plugin-import',
1 verbose cli   'eslint-plugin-node',
1 verbose cli   'eslint-plugin-promise',
1 verbose cli   'eslint-plugin-standard' ]
2 info using npm@3.10.10
3 info using node@v6.11.3
4 silly loadCurrentTree Starting
5 silly install loadCurrentTree
6 silly install readGlobalPackageData
7 silly fetchPackageMetaData eslint
8 silly fetchPackageMetaData eslint-plugin-import
9 silly fetchPackageMetaData eslint-plugin-node
10 silly fetchPackageMetaData eslint-plugin-promise
11 silly fetchPackageMetaData eslint-plugin-standard
12 silly fetchNamedPackageData eslint
13 silly mapToRegistry name eslint
14 silly mapToRegistry using default registry
15 silly mapToRegistry registry https://registry.npmjs.org/
16 silly mapToRegistry data Result {
16 silly mapToRegistry   raw: 'eslint',
16 silly mapToRegistry   scope: null,
16 silly mapToRegistry   escapedName: 'eslint',
16 silly mapToRegistry   name: 'eslint',
16 silly mapToRegistry   rawSpec: '',
16 silly mapToRegistry   spec: 'latest',
16 silly mapToRegistry   type: 'tag' }
17 silly mapToRegistry uri https://registry.npmjs.org/eslint
18 silly fetchNamedPackageData eslint-plugin-import
19 silly mapToRegistry name eslint-plugin-import
20 silly mapToRegistry using default registry
21 silly mapToRegistry registry https://registry.npmjs.org/
22 silly mapToRegistry data Result {
22 silly mapToRegistry   raw: 'eslint-plugin-import',
22 silly mapToRegistry   scope: null,
22 silly mapToRegistry   escapedName: 'eslint-plugin-import',
22 silly mapToRegistry   name: 'eslint-plugin-import',
22 silly mapToRegistry   rawSpec: '',
22 silly mapToRegistry   spec: 'latest',
22 silly mapToRegistry   type: 'tag' }
23 silly mapToRegistry uri https://registry.npmjs.org/eslint-plugin-import
24 silly fetchNamedPackageData eslint-plugin-node
25 silly mapToRegistry name eslint-plugin-node
26 silly mapToRegistry using default registry
27 silly mapToRegistry registry https://registry.npmjs.org/
28 silly mapToRegistry data Result {
28 silly mapToRegistry   raw: 'eslint-plugin-node',
28 silly mapToRegistry   scope: null,
28 silly mapToRegistry   escapedName: 'eslint-plugin-node',
28 silly mapToRegistry   name: 'eslint-plugin-node',
28 silly mapToRegistry   rawSpec: '',
28 silly mapToRegistry   spec: 'latest',
28 silly mapToRegistry   type: 'tag' }
29 silly mapToRegistry uri https://registry.npmjs.org/eslint-plugin-node
30 silly fetchNamedPackageData eslint-plugin-promise
31 silly mapToRegistry name eslint-plugin-promise
32 silly mapToRegistry using default registry
33 silly mapToRegistry registry https://registry.npmjs.org/
34 silly mapToRegistry data Result {
34 silly mapToRegistry   raw: 'eslint-plugin-promise',
34 silly mapToRegistry   scope: null,
34 silly mapToRegistry   escapedName: 'eslint-plugin-promise',
34 silly mapToRegistry   name: 'eslint-plugin-promise',
34 silly mapToRegistry   rawSpec: '',
34 silly mapToRegistry   spec: 'latest',
34 silly mapToRegistry   type: 'tag' }
35 silly mapToRegistry uri https://registry.npmjs.org/eslint-plugin-promise
36 silly fetchNamedPackageData eslint-plugin-standard
37 silly mapToRegistry name eslint-plugin-standard
38 silly mapToRegistry using default registry
39 silly mapToRegistry registry https://registry.npmjs.org/
40 silly mapToRegistry data Result {
40 silly mapToRegistry   raw: 'eslint-plugin-standard',
40 silly mapToRegistry   scope: null,
40 silly mapToRegistry   escapedName: 'eslint-plugin-standard',
40 silly mapToRegistry   name: 'eslint-plugin-standard',
40 silly mapToRegistry   rawSpec: '',
40 silly mapToRegistry   spec: 'latest',
40 silly mapToRegistry   type: 'tag' }
41 silly mapToRegistry uri https://registry.npmjs.org/eslint-plugin-standard
42 verbose request uri https://registry.npmjs.org/eslint-plugin-node
43 verbose request no auth needed
44 info attempt registry request try #1 at 10:12:13 AM
45 verbose request id edb173d845a38dc2
46 http request GET https://registry.npmjs.org/eslint-plugin-node
47 verbose request uri https://registry.npmjs.org/eslint-plugin-promise
48 verbose request no auth needed
49 info attempt registry request try #1 at 10:12:13 AM
50 http request GET https://registry.npmjs.org/eslint-plugin-promise
51 verbose request uri https://registry.npmjs.org/eslint-plugin-import
52 verbose request no auth needed
53 info attempt registry request try #1 at 10:12:13 AM
54 http request GET https://registry.npmjs.org/eslint-plugin-import
55 verbose request uri https://registry.npmjs.org/eslint-plugin-standard
56 verbose request no auth needed
57 info attempt registry request try #1 at 10:12:13 AM
58 http request GET https://registry.npmjs.org/eslint-plugin-standard
59 info retry will retry, error on last attempt: Error: getaddrinfo ENOTFOUND registry.npmjs.org registry.npmjs.org:443
60 info retry will retry, error on last attempt: Error: getaddrinfo ENOTFOUND registry.npmjs.org registry.npmjs.org:443
61 verbose request uri https://registry.npmjs.org/eslint
62 verbose request no auth needed
63 info attempt registry request try #1 at 10:12:33 AM
64 verbose etag W/"59fb2b83-80694"
65 verbose lastModified Thu, 02 Nov 2017 14:28:19 GMT
66 http request GET https://registry.npmjs.org/eslint
67 info attempt registry request try #2 at 10:12:43 AM
68 http request GET https://registry.npmjs.org/eslint-plugin-promise
69 info attempt registry request try #2 at 10:12:43 AM
70 http request GET https://registry.npmjs.org/eslint-plugin-import
71 http 304 https://registry.npmjs.org/eslint
72 verbose headers { date: 'Thu, 09 Nov 2017 04:45:18 GMT',
72 verbose headers   via: '1.1 varnish',
72 verbose headers   'cache-control': 'max-age=300',
72 verbose headers   etag: 'W/"59fb2b83-80694"',
72 verbose headers   age: '299',
72 verbose headers   connection: 'keep-alive',
72 verbose headers   'x-served-by': 'cache-sin18020-SIN',
72 verbose headers   'x-cache': 'HIT',
72 verbose headers   'x-cache-hits': '5',
72 verbose headers   'x-timer': 'S1510202719.570849,VS0,VE0',
72 verbose headers   vary: 'Accept-Encoding, Accept' }
73 silly get cb [ 304,
73 silly get   { date: 'Thu, 09 Nov 2017 04:45:18 GMT',
73 silly get     via: '1.1 varnish',
73 silly get     'cache-control': 'max-age=300',
73 silly get     etag: 'W/"59fb2b83-80694"',
73 silly get     age: '299',
73 silly get     connection: 'keep-alive',
73 silly get     'x-served-by': 'cache-sin18020-SIN',
73 silly get     'x-cache': 'HIT',
73 silly get     'x-cache-hits': '5',
73 silly get     'x-timer': 'S1510202719.570849,VS0,VE0',
73 silly get     vary: 'Accept-Encoding, Accept' } ]
74 verbose etag https://registry.npmjs.org/eslint from cache
75 verbose get saving eslint to /root/.npm/registry.npmjs.org/eslint/.cache.json
76 verbose correctMkdir /root/.npm correctMkdir not in flight; initializing
77 http 200 https://registry.npmjs.org/eslint-plugin-promise
78 verbose headers { server: 'nginx/1.10.3',
78 verbose headers   'content-type': 'application/json',
78 verbose headers   'last-modified': 'Wed, 18 Oct 2017 21:47:32 GMT',
78 verbose headers   etag: 'W/"59e7cbf4-9a5a"',
78 verbose headers   'content-encoding': 'gzip',
78 verbose headers   'cache-control': 'max-age=300',
78 verbose headers   'content-length': '6419',
78 verbose headers   'accept-ranges': 'bytes',
78 verbose headers   date: 'Thu, 09 Nov 2017 04:45:55 GMT',
78 verbose headers   via: '1.1 varnish',
78 verbose headers   age: '0',
78 verbose headers   connection: 'keep-alive',
78 verbose headers   'x-served-by': 'cache-sin18031-SIN',
78 verbose headers   'x-cache': 'HIT',
78 verbose headers   'x-cache-hits': '1',
78 verbose headers   'x-timer': 'S1510202755.471501,VS0,VE136',
78 verbose headers   vary: 'Accept-Encoding, Accept' }
79 silly get cb [ 200,
79 silly get   { server: 'nginx/1.10.3',
79 silly get     'content-type': 'application/json',
79 silly get     'last-modified': 'Wed, 18 Oct 2017 21:47:32 GMT',
79 silly get     etag: 'W/"59e7cbf4-9a5a"',
79 silly get     'content-encoding': 'gzip',
79 silly get     'cache-control': 'max-age=300',
79 silly get     'content-length': '6419',
79 silly get     'accept-ranges': 'bytes',
79 silly get     date: 'Thu, 09 Nov 2017 04:45:55 GMT',
79 silly get     via: '1.1 varnish',
79 silly get     age: '0',
79 silly get     connection: 'keep-alive',
79 silly get     'x-served-by': 'cache-sin18031-SIN',
79 silly get     'x-cache': 'HIT',
79 silly get     'x-cache-hits': '1',
79 silly get     'x-timer': 'S1510202755.471501,VS0,VE136',
79 silly get     vary: 'Accept-Encoding, Accept' } ]
80 verbose get saving eslint-plugin-promise to /root/.npm/registry.npmjs.org/eslint-plugin-promise/.cache.json
81 verbose correctMkdir /root/.npm correctMkdir not in flight; initializing
82 http 200 https://registry.npmjs.org/eslint-plugin-standard
83 verbose headers { server: 'nginx/1.10.1',
83 verbose headers   'content-type': 'application/json',
83 verbose headers   'last-modified': 'Tue, 10 Oct 2017 22:39:49 GMT',
83 verbose headers   etag: 'W/"59dd4c35-5daf"',
83 verbose headers   'content-encoding': 'gzip',
83 verbose headers   'cache-control': 'max-age=300',
83 verbose headers   'content-length': '3456',
83 verbose headers   'accept-ranges': 'bytes',
83 verbose headers   date: 'Thu, 09 Nov 2017 04:45:58 GMT',
83 verbose headers   via: '1.1 varnish',
83 verbose headers   age: '0',
83 verbose headers   connection: 'keep-alive',
83 verbose headers   'x-served-by': 'cache-ams4141-AMS',
83 verbose headers   'x-cache': 'HIT',
83 verbose headers   'x-cache-hits': '1',
83 verbose headers   'x-timer': 'S1510202758.560745,VS0,VE579',
83 verbose headers   vary: 'Accept-Encoding, Accept' }
84 silly get cb [ 200,
84 silly get   { server: 'nginx/1.10.1',
84 silly get     'content-type': 'application/json',
84 silly get     'last-modified': 'Tue, 10 Oct 2017 22:39:49 GMT',
84 silly get     etag: 'W/"59dd4c35-5daf"',
84 silly get     'content-encoding': 'gzip',
84 silly get     'cache-control': 'max-age=300',
84 silly get     'content-length': '3456',
84 silly get     'accept-ranges': 'bytes',
84 silly get     date: 'Thu, 09 Nov 2017 04:45:58 GMT',
84 silly get     via: '1.1 varnish',
84 silly get     age: '0',
84 silly get     connection: 'keep-alive',
84 silly get     'x-served-by': 'cache-ams4141-AMS',
84 silly get     'x-cache': 'HIT',
84 silly get     'x-cache-hits': '1',
84 silly get     'x-timer': 'S1510202758.560745,VS0,VE579',
84 silly get     vary: 'Accept-Encoding, Accept' } ]
85 verbose get saving eslint-plugin-standard to /root/.npm/registry.npmjs.org/eslint-plugin-standard/.cache.json
86 verbose correctMkdir /root/.npm correctMkdir not in flight; initializing
87 http 200 https://registry.npmjs.org/eslint-plugin-node
88 verbose headers { server: 'nginx/1.10.1',
88 verbose headers   'content-type': 'application/json',
88 verbose headers   'last-modified': 'Mon, 06 Nov 2017 08:14:37 GMT',
88 verbose headers   etag: 'W/"5a0019ed-189b6"',
88 verbose headers   'content-encoding': 'gzip',
88 verbose headers   'cache-control': 'max-age=300',
88 verbose headers   'content-length': '10412',
88 verbose headers   'accept-ranges': 'bytes',
88 verbose headers   date: 'Thu, 09 Nov 2017 04:44:38 GMT',
88 verbose headers   via: '1.1 varnish',
88 verbose headers   age: '234',
88 verbose headers   connection: 'keep-alive',
88 verbose headers   'x-served-by': 'cache-ams4425-AMS',
88 verbose headers   'x-cache': 'HIT',
88 verbose headers   'x-cache-hits': '1',
88 verbose headers   'x-timer': 'S1510202679.622337,VS0,VE1',
88 verbose headers   vary: 'Accept-Encoding, Accept' }
89 silly get cb [ 200,
89 silly get   { server: 'nginx/1.10.1',
89 silly get     'content-type': 'application/json',
89 silly get     'last-modified': 'Mon, 06 Nov 2017 08:14:37 GMT',
89 silly get     etag: 'W/"5a0019ed-189b6"',
89 silly get     'content-encoding': 'gzip',
89 silly get     'cache-control': 'max-age=300',
89 silly get     'content-length': '10412',
89 silly get     'accept-ranges': 'bytes',
89 silly get     date: 'Thu, 09 Nov 2017 04:44:38 GMT',
89 silly get     via: '1.1 varnish',
89 silly get     age: '234',
89 silly get     connection: 'keep-alive',
89 silly get     'x-served-by': 'cache-ams4425-AMS',
89 silly get     'x-cache': 'HIT',
89 silly get     'x-cache-hits': '1',
89 silly get     'x-timer': 'S1510202679.622337,VS0,VE1',
89 silly get     vary: 'Accept-Encoding, Accept' } ]
90 verbose get saving eslint-plugin-node to /root/.npm/registry.npmjs.org/eslint-plugin-node/.cache.json
91 verbose correctMkdir /root/.npm correctMkdir not in flight; initializing
92 http 200 https://registry.npmjs.org/eslint-plugin-import
93 verbose headers { server: 'nginx/1.10.3',
93 verbose headers   'content-type': 'application/json',
93 verbose headers   'last-modified': 'Sun, 22 Oct 2017 14:46:25 GMT',
93 verbose headers   etag: 'W/"59ecaf41-31bed"',
93 verbose headers   'content-encoding': 'gzip',
93 verbose headers   'cache-control': 'max-age=300',
93 verbose headers   'content-length': '18834',
93 verbose headers   'accept-ranges': 'bytes',
93 verbose headers   date: 'Thu, 09 Nov 2017 04:45:59 GMT',
93 verbose headers   via: '1.1 varnish',
93 verbose headers   age: '6',
93 verbose headers   connection: 'keep-alive',
93 verbose headers   'x-served-by': 'cache-sin18026-SIN',
93 verbose headers   'x-cache': 'HIT',
93 verbose headers   'x-cache-hits': '2',
93 verbose headers   'x-timer': 'S1510202760.583841,VS0,VE0',
93 verbose headers   vary: 'Accept-Encoding, Accept' }
94 silly get cb [ 200,
94 silly get   { server: 'nginx/1.10.3',
94 silly get     'content-type': 'application/json',
94 silly get     'last-modified': 'Sun, 22 Oct 2017 14:46:25 GMT',
94 silly get     etag: 'W/"59ecaf41-31bed"',
94 silly get     'content-encoding': 'gzip',
94 silly get     'cache-control': 'max-age=300',
94 silly get     'content-length': '18834',
94 silly get     'accept-ranges': 'bytes',
94 silly get     date: 'Thu, 09 Nov 2017 04:45:59 GMT',
94 silly get     via: '1.1 varnish',
94 silly get     age: '6',
94 silly get     connection: 'keep-alive',
94 silly get     'x-served-by': 'cache-sin18026-SIN',
94 silly get     'x-cache': 'HIT',
94 silly get     'x-cache-hits': '2',
94 silly get     'x-timer': 'S1510202760.583841,VS0,VE0',
94 silly get     vary: 'Accept-Encoding, Accept' } ]
95 verbose get saving eslint-plugin-import to /root/.npm/registry.npmjs.org/eslint-plugin-import/.cache.json
96 verbose correctMkdir /root/.npm correctMkdir not in flight; initializing
97 silly install normalizeTree
98 silly loadCurrentTree Finishing
99 silly loadIdealTree Starting
100 silly install loadIdealTree
101 silly cloneCurrentTree Starting
102 silly install cloneCurrentTreeToIdealTree
103 silly cloneCurrentTree Finishing
104 silly loadShrinkwrap Starting
105 silly install loadShrinkwrap
106 silly loadShrinkwrap Finishing
107 silly loadAllDepsIntoIdealTree Starting
108 silly install loadAllDepsIntoIdealTree
109 silly resolveWithNewModule eslint@4.10.0 checking installable status
110 silly cache add args [ 'eslint', null ]
111 verbose cache add spec eslint
112 silly resolveWithNewModule eslint-plugin-promise@3.6.0 checking installable status
113 silly cache add args [ 'eslint-plugin-promise', null ]
114 verbose cache add spec eslint-plugin-promise
115 silly resolveWithNewModule eslint-plugin-standard@3.0.1 checking installable status
116 silly cache add args [ 'eslint-plugin-standard', null ]
117 verbose cache add spec eslint-plugin-standard
118 silly resolveWithNewModule eslint-plugin-node@5.2.1 checking installable status
119 silly cache add args [ 'eslint-plugin-node', null ]
120 verbose cache add spec eslint-plugin-node
121 silly resolveWithNewModule eslint-plugin-import@2.8.0 checking installable status
122 silly cache add args [ 'eslint-plugin-import', null ]
123 verbose cache add spec eslint-plugin-import
124 silly cache add parsed spec Result {
124 silly cache add   raw: 'eslint',
124 silly cache add   scope: null,
124 silly cache add   escapedName: 'eslint',
124 silly cache add   name: 'eslint',
124 silly cache add   rawSpec: '',
124 silly cache add   spec: 'latest',
124 silly cache add   type: 'tag' }
125 silly addNamed eslint@latest
126 verbose addNamed "latest" is being treated as a dist-tag for eslint
127 info addNameTag [ 'eslint', 'latest' ]
128 silly mapToRegistry name eslint
129 silly mapToRegistry using default registry
130 silly mapToRegistry registry https://registry.npmjs.org/
131 silly mapToRegistry data Result {
131 silly mapToRegistry   raw: 'eslint',
131 silly mapToRegistry   scope: null,
131 silly mapToRegistry   escapedName: 'eslint',
131 silly mapToRegistry   name: 'eslint',
131 silly mapToRegistry   rawSpec: '',
131 silly mapToRegistry   spec: 'latest',
131 silly mapToRegistry   type: 'tag' }
132 silly mapToRegistry uri https://registry.npmjs.org/eslint
133 verbose addNameTag registry:https://registry.npmjs.org/eslint not in flight; fetching
134 silly cache add parsed spec Result {
134 silly cache add   raw: 'eslint-plugin-promise',
134 silly cache add   scope: null,
134 silly cache add   escapedName: 'eslint-plugin-promise',
134 silly cache add   name: 'eslint-plugin-promise',
134 silly cache add   rawSpec: '',
134 silly cache add   spec: 'latest',
134 silly cache add   type: 'tag' }
135 silly addNamed eslint-plugin-promise@latest
136 verbose addNamed "latest" is being treated as a dist-tag for eslint-plugin-promise
137 info addNameTag [ 'eslint-plugin-promise', 'latest' ]
138 silly mapToRegistry name eslint-plugin-promise
139 silly mapToRegistry using default registry
140 silly mapToRegistry registry https://registry.npmjs.org/
141 silly mapToRegistry data Result {
141 silly mapToRegistry   raw: 'eslint-plugin-promise',
141 silly mapToRegistry   scope: null,
141 silly mapToRegistry   escapedName: 'eslint-plugin-promise',
141 silly mapToRegistry   name: 'eslint-plugin-promise',
141 silly mapToRegistry   rawSpec: '',
141 silly mapToRegistry   spec: 'latest',
141 silly mapToRegistry   type: 'tag' }
142 silly mapToRegistry uri https://registry.npmjs.org/eslint-plugin-promise
143 verbose addNameTag registry:https://registry.npmjs.org/eslint-plugin-promise not in flight; fetching
144 silly cache add parsed spec Result {
144 silly cache add   raw: 'eslint-plugin-standard',
144 silly cache add   scope: null,
144 silly cache add   escapedName: 'eslint-plugin-standard',
144 silly cache add   name: 'eslint-plugin-standard',
144 silly cache add   rawSpec: '',
144 silly cache add   spec: 'latest',
144 silly cache add   type: 'tag' }
145 silly addNamed eslint-plugin-standard@latest
146 verbose addNamed "latest" is being treated as a dist-tag for eslint-plugin-standard
147 info addNameTag [ 'eslint-plugin-standard', 'latest' ]
148 silly mapToRegistry name eslint-plugin-standard
149 silly mapToRegistry using default registry
150 silly mapToRegistry registry https://registry.npmjs.org/
151 silly mapToRegistry data Result {
151 silly mapToRegistry   raw: 'eslint-plugin-standard',
151 silly mapToRegistry   scope: null,
151 silly mapToRegistry   escapedName: 'eslint-plugin-standard',
151 silly mapToRegistry   name: 'eslint-plugin-standard',
151 silly mapToRegistry   rawSpec: '',
151 silly mapToRegistry   spec: 'latest',
151 silly mapToRegistry   type: 'tag' }
152 silly mapToRegistry uri https://registry.npmjs.org/eslint-plugin-standard
153 verbose addNameTag registry:https://registry.npmjs.org/eslint-plugin-standard not in flight; fetching
154 silly cache add parsed spec Result {
154 silly cache add   raw: 'eslint-plugin-node',
154 silly cache add   scope: null,
154 silly cache add   escapedName: 'eslint-plugin-node',
154 silly cache add   name: 'eslint-plugin-node',
154 silly cache add   rawSpec: '',
154 silly cache add   spec: 'latest',
154 silly cache add   type: 'tag' }
155 silly addNamed eslint-plugin-node@latest
156 verbose addNamed "latest" is being treated as a dist-tag for eslint-plugin-node
157 info addNameTag [ 'eslint-plugin-node', 'latest' ]
158 silly mapToRegistry name eslint-plugin-node
159 silly mapToRegistry using default registry
160 silly mapToRegistry registry https://registry.npmjs.org/
161 silly mapToRegistry data Result {
161 silly mapToRegistry   raw: 'eslint-plugin-node',
161 silly mapToRegistry   scope: null,
161 silly mapToRegistry   escapedName: 'eslint-plugin-node',
161 silly mapToRegistry   name: 'eslint-plugin-node',
161 silly mapToRegistry   rawSpec: '',
161 silly mapToRegistry   spec: 'latest',
161 silly mapToRegistry   type: 'tag' }
162 silly mapToRegistry uri https://registry.npmjs.org/eslint-plugin-node
163 verbose addNameTag registry:https://registry.npmjs.org/eslint-plugin-node not in flight; fetching
164 silly cache add parsed spec Result {
164 silly cache add   raw: 'eslint-plugin-import',
164 silly cache add   scope: null,
164 silly cache add   escapedName: 'eslint-plugin-import',
164 silly cache add   name: 'eslint-plugin-import',
164 silly cache add   rawSpec: '',
164 silly cache add   spec: 'latest',
164 silly cache add   type: 'tag' }
165 silly addNamed eslint-plugin-import@latest
166 verbose addNamed "latest" is being treated as a dist-tag for eslint-plugin-import
167 info addNameTag [ 'eslint-plugin-import', 'latest' ]
168 silly mapToRegistry name eslint-plugin-import
169 silly mapToRegistry using default registry
170 silly mapToRegistry registry https://registry.npmjs.org/
171 silly mapToRegistry data Result {
171 silly mapToRegistry   raw: 'eslint-plugin-import',
171 silly mapToRegistry   scope: null,
171 silly mapToRegistry   escapedName: 'eslint-plugin-import',
171 silly mapToRegistry   name: 'eslint-plugin-import',
171 silly mapToRegistry   rawSpec: '',
171 silly mapToRegistry   spec: 'latest',
171 silly mapToRegistry   type: 'tag' }
172 silly mapToRegistry uri https://registry.npmjs.org/eslint-plugin-import
173 verbose addNameTag registry:https://registry.npmjs.org/eslint-plugin-import not in flight; fetching
174 verbose request uri https://registry.npmjs.org/eslint-plugin-promise
175 verbose request no auth needed
176 info attempt registry request try #1 at 10:17:27 AM
177 verbose etag W/"59e7cbf4-9a5a"
178 verbose lastModified Wed, 18 Oct 2017 21:47:32 GMT
179 http request GET https://registry.npmjs.org/eslint-plugin-promise
180 verbose request uri https://registry.npmjs.org/eslint-plugin-standard
181 verbose request no auth needed
182 info attempt registry request try #1 at 10:17:27 AM
183 verbose etag W/"59dd4c35-5daf"
184 verbose lastModified Tue, 10 Oct 2017 22:39:49 GMT
185 http request GET https://registry.npmjs.org/eslint-plugin-standard
186 verbose request uri https://registry.npmjs.org/eslint-plugin-node
187 verbose request no auth needed
188 info attempt registry request try #1 at 10:17:27 AM
189 verbose etag W/"5a0019ed-189b6"
190 verbose lastModified Mon, 06 Nov 2017 08:14:37 GMT
191 http request GET https://registry.npmjs.org/eslint-plugin-node
192 verbose get https://registry.npmjs.org/eslint-plugin-import not expired, no request
193 silly addNameTag next cb for eslint-plugin-import with tag latest
194 silly addNamed eslint-plugin-import@2.8.0
195 verbose addNamed "2.8.0" is a plain semver version for eslint-plugin-import
196 verbose request uri https://registry.npmjs.org/eslint
197 verbose request no auth needed
198 info attempt registry request try #1 at 10:17:27 AM
199 verbose etag W/"59fb2b83-80694"
200 verbose lastModified Thu, 02 Nov 2017 14:28:19 GMT
201 http request GET https://registry.npmjs.org/eslint
202 silly mapToRegistry name eslint-plugin-import
203 silly mapToRegistry using default registry
204 silly mapToRegistry registry https://registry.npmjs.org/
205 silly mapToRegistry data Result {
205 silly mapToRegistry   raw: 'eslint-plugin-import',
205 silly mapToRegistry   scope: null,
205 silly mapToRegistry   escapedName: 'eslint-plugin-import',
205 silly mapToRegistry   name: 'eslint-plugin-import',
205 silly mapToRegistry   rawSpec: '',
205 silly mapToRegistry   spec: 'latest',
205 silly mapToRegistry   type: 'tag' }
206 silly mapToRegistry uri https://registry.npmjs.org/eslint-plugin-import
207 verbose addRemoteTarball https://registry.npmjs.org/eslint-plugin-import/-/eslint-plugin-import-2.8.0.tgz not in flight; adding
208 verbose addRemoteTarball [ 'https://registry.npmjs.org/eslint-plugin-import/-/eslint-plugin-import-2.8.0.tgz',
208 verbose addRemoteTarball   'fa1b6ef31fcb3c501c09859c1b86f1fc5b986894' ]
209 info retry fetch attempt 1 at 10:17:27 AM
210 info attempt registry request try #1 at 10:17:27 AM
211 http fetch GET https://registry.npmjs.org/eslint-plugin-import/-/eslint-plugin-import-2.8.0.tgz
212 http 304 https://registry.npmjs.org/eslint-plugin-promise
213 verbose headers { date: 'Thu, 09 Nov 2017 04:47:28 GMT',
213 verbose headers   via: '1.1 varnish',
213 verbose headers   'cache-control': 'max-age=300',
213 verbose headers   etag: 'W/"59e7cbf4-9a5a"',
213 verbose headers   age: '93',
213 verbose headers   connection: 'keep-alive',
213 verbose headers   'x-served-by': 'cache-sin18020-SIN',
213 verbose headers   'x-cache': 'HIT',
213 verbose headers   'x-cache-hits': '1',
213 verbose headers   'x-timer': 'S1510202849.770832,VS0,VE1',
213 verbose headers   vary: 'Accept-Encoding, Accept' }
214 silly get cb [ 304,
214 silly get   { date: 'Thu, 09 Nov 2017 04:47:28 GMT',
214 silly get     via: '1.1 varnish',
214 silly get     'cache-control': 'max-age=300',
214 silly get     etag: 'W/"59e7cbf4-9a5a"',
214 silly get     age: '93',
214 silly get     connection: 'keep-alive',
214 silly get     'x-served-by': 'cache-sin18020-SIN',
214 silly get     'x-cache': 'HIT',
214 silly get     'x-cache-hits': '1',
214 silly get     'x-timer': 'S1510202849.770832,VS0,VE1',
214 silly get     vary: 'Accept-Encoding, Accept' } ]
215 verbose etag https://registry.npmjs.org/eslint-plugin-promise from cache
216 verbose get saving eslint-plugin-promise to /root/.npm/registry.npmjs.org/eslint-plugin-promise/.cache.json
217 verbose correctMkdir /root/.npm correctMkdir not in flight; initializing
218 silly addNameTag next cb for eslint-plugin-promise with tag latest
219 silly addNamed eslint-plugin-promise@3.6.0
220 verbose addNamed "3.6.0" is a plain semver version for eslint-plugin-promise
221 silly mapToRegistry name eslint-plugin-promise
222 silly mapToRegistry using default registry
223 silly mapToRegistry registry https://registry.npmjs.org/
224 silly mapToRegistry data Result {
224 silly mapToRegistry   raw: 'eslint-plugin-promise',
224 silly mapToRegistry   scope: null,
224 silly mapToRegistry   escapedName: 'eslint-plugin-promise',
224 silly mapToRegistry   name: 'eslint-plugin-promise',
224 silly mapToRegistry   rawSpec: '',
224 silly mapToRegistry   spec: 'latest',
224 silly mapToRegistry   type: 'tag' }
225 silly mapToRegistry uri https://registry.npmjs.org/eslint-plugin-promise
226 verbose addRemoteTarball https://registry.npmjs.org/eslint-plugin-promise/-/eslint-plugin-promise-3.6.0.tgz not in flight; adding
227 verbose addRemoteTarball [ 'https://registry.npmjs.org/eslint-plugin-promise/-/eslint-plugin-promise-3.6.0.tgz',
227 verbose addRemoteTarball   '54b7658c8f454813dc2a870aff8152ec4969ba75' ]
228 info retry fetch attempt 1 at 10:17:44 AM
229 info attempt registry request try #1 at 10:17:44 AM
230 http fetch GET https://registry.npmjs.org/eslint-plugin-promise/-/eslint-plugin-promise-3.6.0.tgz
231 http 304 https://registry.npmjs.org/eslint-plugin-standard
232 verbose headers { date: 'Thu, 09 Nov 2017 04:47:28 GMT',
232 verbose headers   via: '1.1 varnish',
232 verbose headers   'cache-control': 'max-age=300',
232 verbose headers   etag: 'W/"59dd4c35-5daf"',
232 verbose headers   age: '0',
232 verbose headers   connection: 'keep-alive',
232 verbose headers   'x-served-by': 'cache-sin18031-SIN',
232 verbose headers   'x-cache': 'HIT',
232 verbose headers   'x-cache-hits': '1',
232 verbose headers   'x-timer': 'S1510202849.770733,VS0,VE144',
232 verbose headers   vary: 'Accept-Encoding, Accept' }
233 silly get cb [ 304,
233 silly get   { date: 'Thu, 09 Nov 2017 04:47:28 GMT',
233 silly get     via: '1.1 varnish',
233 silly get     'cache-control': 'max-age=300',
233 silly get     etag: 'W/"59dd4c35-5daf"',
233 silly get     age: '0',
233 silly get     connection: 'keep-alive',
233 silly get     'x-served-by': 'cache-sin18031-SIN',
233 silly get     'x-cache': 'HIT',
233 silly get     'x-cache-hits': '1',
233 silly get     'x-timer': 'S1510202849.770733,VS0,VE144',
233 silly get     vary: 'Accept-Encoding, Accept' } ]
234 verbose etag https://registry.npmjs.org/eslint-plugin-standard from cache
235 verbose get saving eslint-plugin-standard to /root/.npm/registry.npmjs.org/eslint-plugin-standard/.cache.json
236 verbose correctMkdir /root/.npm correctMkdir not in flight; initializing
237 silly addNameTag next cb for eslint-plugin-standard with tag latest
238 silly addNamed eslint-plugin-standard@3.0.1
239 verbose addNamed "3.0.1" is a plain semver version for eslint-plugin-standard
240 silly mapToRegistry name eslint-plugin-standard
241 silly mapToRegistry using default registry
242 silly mapToRegistry registry https://registry.npmjs.org/
243 silly mapToRegistry data Result {
243 silly mapToRegistry   raw: 'eslint-plugin-standard',
243 silly mapToRegistry   scope: null,
243 silly mapToRegistry   escapedName: 'eslint-plugin-standard',
243 silly mapToRegistry   name: 'eslint-plugin-standard',
243 silly mapToRegistry   rawSpec: '',
243 silly mapToRegistry   spec: 'latest',
243 silly mapToRegistry   type: 'tag' }
244 silly mapToRegistry uri https://registry.npmjs.org/eslint-plugin-standard
245 verbose addRemoteTarball https://registry.npmjs.org/eslint-plugin-standard/-/eslint-plugin-standard-3.0.1.tgz not in flight; adding
246 verbose addRemoteTarball [ 'https://registry.npmjs.org/eslint-plugin-standard/-/eslint-plugin-standard-3.0.1.tgz',
246 verbose addRemoteTarball   '34d0c915b45edc6f010393c7eef3823b08565cf2' ]
247 info retry fetch attempt 1 at 10:17:45 AM
248 info attempt registry request try #1 at 10:17:45 AM
249 http fetch GET https://registry.npmjs.org/eslint-plugin-standard/-/eslint-plugin-standard-3.0.1.tgz
250 http fetch 200 https://registry.npmjs.org/eslint-plugin-import/-/eslint-plugin-import-2.8.0.tgz
251 http 304 https://registry.npmjs.org/eslint
252 verbose headers { date: 'Thu, 09 Nov 2017 04:47:30 GMT',
252 verbose headers   via: '1.1 varnish',
252 verbose headers   'cache-control': 'max-age=300',
252 verbose headers   etag: 'W/"59fb2b83-80694"',
252 verbose headers   age: '193',
252 verbose headers   connection: 'keep-alive',
252 verbose headers   'x-served-by': 'cache-ams4425-AMS',
252 verbose headers   'x-cache': 'HIT',
252 verbose headers   'x-cache-hits': '1',
252 verbose headers   'x-timer': 'S1510202850.044069,VS0,VE0',
252 verbose headers   vary: 'Accept-Encoding, Accept' }
253 silly get cb [ 304,
253 silly get   { date: 'Thu, 09 Nov 2017 04:47:30 GMT',
253 silly get     via: '1.1 varnish',
253 silly get     'cache-control': 'max-age=300',
253 silly get     etag: 'W/"59fb2b83-80694"',
253 silly get     age: '193',
253 silly get     connection: 'keep-alive',
253 silly get     'x-served-by': 'cache-ams4425-AMS',
253 silly get     'x-cache': 'HIT',
253 silly get     'x-cache-hits': '1',
253 silly get     'x-timer': 'S1510202850.044069,VS0,VE0',
253 silly get     vary: 'Accept-Encoding, Accept' } ]
254 verbose etag https://registry.npmjs.org/eslint from cache
255 verbose get saving eslint to /root/.npm/registry.npmjs.org/eslint/.cache.json
256 verbose correctMkdir /root/.npm correctMkdir not in flight; initializing
257 silly addNameTag next cb for eslint with tag latest
258 silly addNamed eslint@4.10.0
259 verbose addNamed "4.10.0" is a plain semver version for eslint
260 silly cache afterAdd eslint@4.10.0
261 verbose afterAdd /root/.npm/eslint/4.10.0/package/package.json not in flight; writing
262 verbose correctMkdir /root/.npm correctMkdir not in flight; initializing
263 verbose afterAdd /root/.npm/eslint/4.10.0/package/package.json written
264 http 304 https://registry.npmjs.org/eslint-plugin-node
265 verbose headers { date: 'Thu, 09 Nov 2017 04:47:30 GMT',
265 verbose headers   via: '1.1 varnish',
265 verbose headers   'cache-control': 'max-age=300',
265 verbose headers   etag: 'W/"5a0019ed-189b6"',
265 verbose headers   age: '0',
265 verbose headers   connection: 'keep-alive',
265 verbose headers   'x-served-by': 'cache-ams4141-AMS',
265 verbose headers   'x-cache': 'HIT',
265 verbose headers   'x-cache-hits': '1',
265 verbose headers   'x-timer': 'S1510202850.047187,VS0,VE7',
265 verbose headers   vary: 'Accept-Encoding, Accept' }
266 silly get cb [ 304,
266 silly get   { date: 'Thu, 09 Nov 2017 04:47:30 GMT',
266 silly get     via: '1.1 varnish',
266 silly get     'cache-control': 'max-age=300',
266 silly get     etag: 'W/"5a0019ed-189b6"',
266 silly get     age: '0',
266 silly get     connection: 'keep-alive',
266 silly get     'x-served-by': 'cache-ams4141-AMS',
266 silly get     'x-cache': 'HIT',
266 silly get     'x-cache-hits': '1',
266 silly get     'x-timer': 'S1510202850.047187,VS0,VE7',
266 silly get     vary: 'Accept-Encoding, Accept' } ]
267 verbose etag https://registry.npmjs.org/eslint-plugin-node from cache
268 verbose get saving eslint-plugin-node to /root/.npm/registry.npmjs.org/eslint-plugin-node/.cache.json
269 verbose correctMkdir /root/.npm correctMkdir not in flight; initializing
270 silly addNameTag next cb for eslint-plugin-node with tag latest
271 silly addNamed eslint-plugin-node@5.2.1
272 verbose addNamed "5.2.1" is a plain semver version for eslint-plugin-node
273 silly mapToRegistry name eslint-plugin-node
274 silly mapToRegistry using default registry
275 silly mapToRegistry registry https://registry.npmjs.org/
276 silly mapToRegistry data Result {
276 silly mapToRegistry   raw: 'eslint-plugin-node',
276 silly mapToRegistry   scope: null,
276 silly mapToRegistry   escapedName: 'eslint-plugin-node',
276 silly mapToRegistry   name: 'eslint-plugin-node',
276 silly mapToRegistry   rawSpec: '',
276 silly mapToRegistry   spec: 'latest',
276 silly mapToRegistry   type: 'tag' }
277 silly mapToRegistry uri https://registry.npmjs.org/eslint-plugin-node
278 verbose addRemoteTarball https://registry.npmjs.org/eslint-plugin-node/-/eslint-plugin-node-5.2.1.tgz not in flight; adding
279 verbose addRemoteTarball [ 'https://registry.npmjs.org/eslint-plugin-node/-/eslint-plugin-node-5.2.1.tgz',
279 verbose addRemoteTarball   '80df3253c4d7901045ec87fa660a284e32bdca29' ]
280 info retry fetch attempt 1 at 10:17:47 AM
281 info attempt registry request try #1 at 10:17:47 AM
282 http fetch GET https://registry.npmjs.org/eslint-plugin-node/-/eslint-plugin-node-5.2.1.tgz
283 http fetch 200 https://registry.npmjs.org/eslint-plugin-promise/-/eslint-plugin-promise-3.6.0.tgz
284 http fetch 200 https://registry.npmjs.org/eslint-plugin-standard/-/eslint-plugin-standard-3.0.1.tgz
285 http fetch 200 https://registry.npmjs.org/eslint-plugin-node/-/eslint-plugin-node-5.2.1.tgz
286 silly fetchAndShaCheck shasum 34d0c915b45edc6f010393c7eef3823b08565cf2
287 verbose addTmpTarball /tmp/npm-20517-924aebcf/registry.npmjs.org/eslint-plugin-standard/-/eslint-plugin-standard-3.0.1.tgz not in flight; adding
288 verbose addTmpTarball already have metadata; skipping unpack for eslint-plugin-standard@3.0.1
289 verbose correctMkdir /root/.npm correctMkdir not in flight; initializing
290 silly cache afterAdd eslint-plugin-standard@3.0.1
291 verbose afterAdd /root/.npm/eslint-plugin-standard/3.0.1/package/package.json not in flight; writing
292 verbose correctMkdir /root/.npm correctMkdir not in flight; initializing
293 verbose afterAdd /root/.npm/eslint-plugin-standard/3.0.1/package/package.json written
294 silly fetchAndShaCheck shasum 54b7658c8f454813dc2a870aff8152ec4969ba75
295 verbose addTmpTarball /tmp/npm-20517-924aebcf/registry.npmjs.org/eslint-plugin-promise/-/eslint-plugin-promise-3.6.0.tgz not in flight; adding
296 verbose addTmpTarball already have metadata; skipping unpack for eslint-plugin-promise@3.6.0
297 verbose correctMkdir /root/.npm correctMkdir not in flight; initializing
298 silly cache afterAdd eslint-plugin-promise@3.6.0
299 verbose afterAdd /root/.npm/eslint-plugin-promise/3.6.0/package/package.json not in flight; writing
300 verbose correctMkdir /root/.npm correctMkdir not in flight; initializing
301 verbose afterAdd /root/.npm/eslint-plugin-promise/3.6.0/package/package.json written
302 silly fetchAndShaCheck shasum 80df3253c4d7901045ec87fa660a284e32bdca29
303 verbose addTmpTarball /tmp/npm-20517-924aebcf/registry.npmjs.org/eslint-plugin-node/-/eslint-plugin-node-5.2.1.tgz not in flight; adding
304 verbose addTmpTarball already have metadata; skipping unpack for eslint-plugin-node@5.2.1
305 verbose correctMkdir /root/.npm correctMkdir not in flight; initializing
306 silly cache afterAdd eslint-plugin-node@5.2.1
307 verbose afterAdd /root/.npm/eslint-plugin-node/5.2.1/package/package.json not in flight; writing
308 verbose correctMkdir /root/.npm correctMkdir not in flight; initializing
309 verbose afterAdd /root/.npm/eslint-plugin-node/5.2.1/package/package.json written
310 info retry will retry, error on last attempt: Error: read ETIMEDOUT
311 silly fetchAndShaCheck shasum fa1b6ef31fcb3c501c09859c1b86f1fc5b986894
312 silly rollbackFailedOptional Starting
313 silly rollbackFailedOptional Finishing
314 silly runTopLevelLifecycles Finishing
315 silly install printInstalled
316 verbose stack Error: shasum check failed for /tmp/npm-20517-924aebcf/registry.npmjs.org/eslint-plugin-import/-/eslint-plugin-import-2.8.0.tgz
316 verbose stack Expected: fa1b6ef31fcb3c501c09859c1b86f1fc5b986894
316 verbose stack Actual:   85e535601ebfebe0393b41115c06fc6f274342e2
316 verbose stack From:     https://registry.npmjs.org/eslint-plugin-import/-/eslint-plugin-import-2.8.0.tgz
316 verbose stack     at /usr/lib/node_modules/npm3/node_modules/npm/node_modules/sha/index.js:25:8
316 verbose stack     at ReadStream.<anonymous> (/usr/lib/node_modules/npm3/node_modules/npm/node_modules/sha/index.js:72:7)
316 verbose stack     at emitNone (events.js:91:20)
316 verbose stack     at ReadStream.emit (events.js:185:7)
316 verbose stack     at endReadableNT (_stream_readable.js:974:12)
316 verbose stack     at _combinedTickCallback (internal/process/next_tick.js:80:11)
316 verbose stack     at process._tickCallback (internal/process/next_tick.js:104:9)
317 verbose cwd /home/hybrid/Documents/Projects/CN/GBN-Simulation
318 error Linux 4.13.5-200.fc26.x86_64
319 error argv "/usr/bin/node" "/usr/lib/node_modules/npm3/node_modules/npm/cli.js" "install" "-g" "eslint" "eslint-plugin-import" "eslint-plugin-node" "eslint-plugin-promise" "eslint-plugin-standard"
320 error node v6.11.3
321 error npm  v3.10.10
322 error shasum check failed for /tmp/npm-20517-924aebcf/registry.npmjs.org/eslint-plugin-import/-/eslint-plugin-import-2.8.0.tgz
322 error Expected: fa1b6ef31fcb3c501c09859c1b86f1fc5b986894
322 error Actual:   85e535601ebfebe0393b41115c06fc6f274342e2
322 error From:     https://registry.npmjs.org/eslint-plugin-import/-/eslint-plugin-import-2.8.0.tgz
323 error If you need help, you may report this error at:
323 error     <https://github.com/npm/npm/issues>
324 verbose exit [ 1, true ]
